2021-08-31T01:11:38.986370+0100 - __main__ - INFO - ['hyper', 'hyper', 'hyper', 'hyper', '\nhyper\nhyper.', 'http://localhost/notes/pages/html/contact.html']
2021-08-31T01:11:38.990374+0100 - __main__ - INFO - INSERT INTO notes (title, k1, k2, k3, note, url)
                VALUES (%s, %s, %s, %s, %s, %s)
2021-08-31T01:16:52.128859+0100 - __main__ - INFO - ['uber', 'uber', 'uber', 'uber', 'uber\nuber', 'http://localhost/notes/pages/html/uber.html']
2021-08-31T01:16:52.132517+0100 - __main__ - INFO - INSERT INTO notes (title, k1, k2, k3, note, url)
                VALUES (%s, %s, %s, %s, %s, %s)
2021-08-31T01:16:52.135786+0100 - __main__ - INFO - pandoc --highlight-style=zenburn --metadata title=uber -s '/srv/http/notes/pages/markdown/uber.md' -ohttp://localhost/notes/pages/html/uber.html
2021-08-31T01:20:56.617749+0100 - __main__ - INFO - ['uber', 'uber', 'uber', 'uber', 'uber\nuber', 'http://localhost/notes/pages/html/uber.html']
2021-08-31T01:20:56.621512+0100 - __main__ - INFO - INSERT INTO notes (title, k1, k2, k3, note, url)
                VALUES (%s, %s, %s, %s, %s, %s)
2021-08-31T01:20:56.630008+0100 - __main__ - INFO - pandoc --highlight-style=zenburn --metadata title=uber -s '/srv/http/notes/pages/markdown/uber.md' -o http://localhost/notes/pages/html/uber.html
2021-08-31T01:22:30.527286+0100 - __main__ - INFO - ['newest', 'newest', 'newest', 'newest', 'This is the newest test.\nThe newest.', 'http://localhost/notes/pages/html/newest.html']
2021-08-31T01:22:30.532183+0100 - __main__ - INFO - INSERT INTO notes (title, k1, k2, k3, note, url)
                VALUES (%s, %s, %s, %s, %s, %s)
2021-08-31T01:22:30.539925+0100 - __main__ - INFO - pandoc --highlight-style=zenburn --metadata title=newest -s '/srv/http/notes/pages/markdown/newest.md' -o 'http://localhost/notes/pages/html/newest.html'
2021-08-31T01:25:39.247832+0100 - __main__ - INFO - ['1', '1', '1', '1', '1\n1\n1', 'http://localhost/notes/pages/html/1.html']
2021-08-31T01:25:39.251339+0100 - __main__ - INFO - INSERT INTO notes (title, k1, k2, k3, note, url)
                VALUES (%s, %s, %s, %s, %s, %s)
2021-08-31T01:25:39.255369+0100 - __main__ - INFO - touch http://localhost/notes/pages/html/1.html
2021-08-31T01:25:39.259387+0100 - __main__ - INFO - pandoc --highlight-style=zenburn --metadata title=1 -s '/srv/http/notes/pages/markdown/1.md' -o 'http://localhost/notes/pages/html/1.html'
2021-08-31T01:30:33.005524+0100 - __main__ - INFO - ['new', 'bew', 'bew', 'bew', 'bew\nbew', 'http://localhost/notes/pages/html/new.html']
2021-08-31T01:30:33.009133+0100 - __main__ - INFO - INSERT INTO notes (title, k1, k2, k3, note, url)
                VALUES (%s, %s, %s, %s, %s, %s)
2021-08-31T01:30:33.012570+0100 - __main__ - INFO - pandoc --highlight-style=zenburn --metadata title=new -s '/srv/http/notes/pages/html/new.html' -o 'http://localhost/notes/pages/html/new.html'
2021-08-31T01:34:11.005401+0100 - __main__ - INFO - ['se', 'se', 'se', 'se', 'ee\nse', 'http://localhost/notes/pages/html/se.html']
2021-08-31T01:34:11.009083+0100 - __main__ - INFO - INSERT INTO notes (title, k1, k2, k3, note, url)
                VALUES (%s, %s, %s, %s, %s, %s)
2021-08-31T01:34:11.012002+0100 - __main__ - INFO - pandoc --highlight-style=zenburn --metadata title=se -s '/srv/http/notes/pages/markdown/se.md' -o '/srv/http/notes/pages/html/se.html'
